<?xml version="1.0" encoding="UTF-8"?>
<testsuite xmlns:xsi="http://www.w3.org/2001/XMLSchema-instance" xsi:noNamespaceSchemaLocation="https://maven.apache.org/surefire/maven-surefire-plugin/xsd/surefire-test-report.xsd" name="com.citi.controller.UserControllerTest" time="0.034" tests="1" errors="0" skipped="0" failures="0">
  <properties>
    <property name="sun.desktop" value="windows"/>
    <property name="awt.toolkit" value="sun.awt.windows.WToolkit"/>
    <property name="file.encoding.pkg" value="sun.io"/>
    <property name="java.specification.version" value="1.8"/>
    <property name="sun.cpu.isalist" value="pentium_pro+mmx pentium_pro pentium+mmx pentium i486 i386 i86"/>
    <property name="sun.jnu.encoding" value="GBK"/>
    <property name="java.class.path" value="C:\Users\JOY\Desktop\group3\target\test-classes;C:\Users\JOY\Desktop\group3\target\classes;C:\Users\JOY\Desktop\train-java\repo_m2\org\springframework\boot\spring-boot-starter-aop\2.3.3.RELEASE\spring-boot-starter-aop-2.3.3.RELEASE.jar;C:\Users\JOY\Desktop\train-java\repo_m2\org\springframework\boot\spring-boot-starter\2.3.3.RELEASE\spring-boot-starter-2.3.3.RELEASE.jar;C:\Users\JOY\Desktop\train-java\repo_m2\org\springframework\boot\spring-boot-starter-logging\2.3.3.RELEASE\spring-boot-starter-logging-2.3.3.RELEASE.jar;C:\Users\JOY\Desktop\train-java\repo_m2\ch\qos\logback\logback-classic\1.2.3\logback-classic-1.2.3.jar;C:\Users\JOY\Desktop\train-java\repo_m2\ch\qos\logback\logback-core\1.2.3\logback-core-1.2.3.jar;C:\Users\JOY\Desktop\train-java\repo_m2\org\apache\logging\log4j\log4j-to-slf4j\2.13.3\log4j-to-slf4j-2.13.3.jar;C:\Users\JOY\Desktop\train-java\repo_m2\org\apache\logging\log4j\log4j-api\2.13.3\log4j-api-2.13.3.jar;C:\Users\JOY\Desktop\train-java\repo_m2\org\slf4j\jul-to-slf4j\1.7.30\jul-to-slf4j-1.7.30.jar;C:\Users\JOY\Desktop\train-java\repo_m2\jakarta\annotation\jakarta.annotation-api\1.3.5\jakarta.annotation-api-1.3.5.jar;C:\Users\JOY\Desktop\train-java\repo_m2\org\yaml\snakeyaml\1.26\snakeyaml-1.26.jar;C:\Users\JOY\Desktop\train-java\repo_m2\org\springframework\spring-aop\5.2.8.RELEASE\spring-aop-5.2.8.RELEASE.jar;C:\Users\JOY\Desktop\train-java\repo_m2\org\springframework\spring-beans\5.2.8.RELEASE\spring-beans-5.2.8.RELEASE.jar;C:\Users\JOY\Desktop\train-java\repo_m2\org\aspectj\aspectjweaver\1.9.6\aspectjweaver-1.9.6.jar;C:\Users\JOY\Desktop\train-java\repo_m2\org\springframework\boot\spring-boot-starter-thymeleaf\2.3.3.RELEASE\spring-boot-starter-thymeleaf-2.3.3.RELEASE.jar;C:\Users\JOY\Desktop\train-java\repo_m2\org\thymeleaf\thymeleaf-spring5\3.0.11.RELEASE\thymeleaf-spring5-3.0.11.RELEASE.jar;C:\Users\JOY\Desktop\train-java\repo_m2\org\thymeleaf\thymeleaf\3.0.11.RELEASE\thymeleaf-3.0.11.RELEASE.jar;C:\Users\JOY\Desktop\train-java\repo_m2\org\attoparser\attoparser\2.0.5.RELEASE\attoparser-2.0.5.RELEASE.jar;C:\Users\JOY\Desktop\train-java\repo_m2\org\unbescape\unbescape\1.1.6.RELEASE\unbescape-1.1.6.RELEASE.jar;C:\Users\JOY\Desktop\train-java\repo_m2\org\slf4j\slf4j-api\1.7.30\slf4j-api-1.7.30.jar;C:\Users\JOY\Desktop\train-java\repo_m2\org\thymeleaf\extras\thymeleaf-extras-java8time\3.0.4.RELEASE\thymeleaf-extras-java8time-3.0.4.RELEASE.jar;C:\Users\JOY\Desktop\train-java\repo_m2\org\springframework\boot\spring-boot-starter-web\2.3.3.RELEASE\spring-boot-starter-web-2.3.3.RELEASE.jar;C:\Users\JOY\Desktop\train-java\repo_m2\org\springframework\boot\spring-boot-starter-json\2.3.3.RELEASE\spring-boot-starter-json-2.3.3.RELEASE.jar;C:\Users\JOY\Desktop\train-java\repo_m2\com\fasterxml\jackson\core\jackson-databind\2.11.2\jackson-databind-2.11.2.jar;C:\Users\JOY\Desktop\train-java\repo_m2\com\fasterxml\jackson\core\jackson-annotations\2.11.2\jackson-annotations-2.11.2.jar;C:\Users\JOY\Desktop\train-java\repo_m2\com\fasterxml\jackson\core\jackson-core\2.11.2\jackson-core-2.11.2.jar;C:\Users\JOY\Desktop\train-java\repo_m2\com\fasterxml\jackson\datatype\jackson-datatype-jdk8\2.11.2\jackson-datatype-jdk8-2.11.2.jar;C:\Users\JOY\Desktop\train-java\repo_m2\com\fasterxml\jackson\datatype\jackson-datatype-jsr310\2.11.2\jackson-datatype-jsr310-2.11.2.jar;C:\Users\JOY\Desktop\train-java\repo_m2\com\fasterxml\jackson\module\jackson-module-parameter-names\2.11.2\jackson-module-parameter-names-2.11.2.jar;C:\Users\JOY\Desktop\train-java\repo_m2\org\springframework\boot\spring-boot-starter-tomcat\2.3.3.RELEASE\spring-boot-starter-tomcat-2.3.3.RELEASE.jar;C:\Users\JOY\Desktop\train-java\repo_m2\org\apache\tomcat\embed\tomcat-embed-core\9.0.37\tomcat-embed-core-9.0.37.jar;C:\Users\JOY\Desktop\train-java\repo_m2\org\glassfish\jakarta.el\3.0.3\jakarta.el-3.0.3.jar;C:\Users\JOY\Desktop\train-java\repo_m2\org\apache\tomcat\embed\tomcat-embed-websocket\9.0.37\tomcat-embed-websocket-9.0.37.jar;C:\Users\JOY\Desktop\train-java\repo_m2\org\springframework\spring-web\5.2.8.RELEASE\spring-web-5.2.8.RELEASE.jar;C:\Users\JOY\Desktop\train-java\repo_m2\org\springframework\spring-webmvc\5.2.8.RELEASE\spring-webmvc-5.2.8.RELEASE.jar;C:\Users\JOY\Desktop\train-java\repo_m2\org\springframework\spring-context\5.2.8.RELEASE\spring-context-5.2.8.RELEASE.jar;C:\Users\JOY\Desktop\train-java\repo_m2\org\springframework\spring-expression\5.2.8.RELEASE\spring-expression-5.2.8.RELEASE.jar;C:\Users\JOY\Desktop\train-java\repo_m2\org\springframework\boot\spring-boot-devtools\2.3.3.RELEASE\spring-boot-devtools-2.3.3.RELEASE.jar;C:\Users\JOY\Desktop\train-java\repo_m2\org\springframework\boot\spring-boot\2.3.3.RELEASE\spring-boot-2.3.3.RELEASE.jar;C:\Users\JOY\Desktop\train-java\repo_m2\org\springframework\boot\spring-boot-autoconfigure\2.3.3.RELEASE\spring-boot-autoconfigure-2.3.3.RELEASE.jar;C:\Users\JOY\Desktop\train-java\repo_m2\org\springframework\boot\spring-boot-starter-test\2.3.3.RELEASE\spring-boot-starter-test-2.3.3.RELEASE.jar;C:\Users\JOY\Desktop\train-java\repo_m2\org\springframework\boot\spring-boot-test\2.3.3.RELEASE\spring-boot-test-2.3.3.RELEASE.jar;C:\Users\JOY\Desktop\train-java\repo_m2\org\springframework\boot\spring-boot-test-autoconfigure\2.3.3.RELEASE\spring-boot-test-autoconfigure-2.3.3.RELEASE.jar;C:\Users\JOY\Desktop\train-java\repo_m2\com\jayway\jsonpath\json-path\2.4.0\json-path-2.4.0.jar;C:\Users\JOY\Desktop\train-java\repo_m2\net\minidev\json-smart\2.3\json-smart-2.3.jar;C:\Users\JOY\Desktop\train-java\repo_m2\net\minidev\accessors-smart\1.2\accessors-smart-1.2.jar;C:\Users\JOY\Desktop\train-java\repo_m2\org\ow2\asm\asm\5.0.4\asm-5.0.4.jar;C:\Users\JOY\Desktop\train-java\repo_m2\jakarta\xml\bind\jakarta.xml.bind-api\2.3.3\jakarta.xml.bind-api-2.3.3.jar;C:\Users\JOY\Desktop\train-java\repo_m2\jakarta\activation\jakarta.activation-api\1.2.2\jakarta.activation-api-1.2.2.jar;C:\Users\JOY\Desktop\train-java\repo_m2\org\assertj\assertj-core\3.16.1\assertj-core-3.16.1.jar;C:\Users\JOY\Desktop\train-java\repo_m2\org\hamcrest\hamcrest\2.2\hamcrest-2.2.jar;C:\Users\JOY\Desktop\train-java\repo_m2\org\junit\jupiter\junit-jupiter\5.6.2\junit-jupiter-5.6.2.jar;C:\Users\JOY\Desktop\train-java\repo_m2\org\junit\jupiter\junit-jupiter-api\5.6.2\junit-jupiter-api-5.6.2.jar;C:\Users\JOY\Desktop\train-java\repo_m2\org\opentest4j\opentest4j\1.2.0\opentest4j-1.2.0.jar;C:\Users\JOY\Desktop\train-java\repo_m2\org\junit\platform\junit-platform-commons\1.6.2\junit-platform-commons-1.6.2.jar;C:\Users\JOY\Desktop\train-java\repo_m2\org\junit\jupiter\junit-jupiter-params\5.6.2\junit-jupiter-params-5.6.2.jar;C:\Users\JOY\Desktop\train-java\repo_m2\org\junit\jupiter\junit-jupiter-engine\5.6.2\junit-jupiter-engine-5.6.2.jar;C:\Users\JOY\Desktop\train-java\repo_m2\org\junit\vintage\junit-vintage-engine\5.6.2\junit-vintage-engine-5.6.2.jar;C:\Users\JOY\Desktop\train-java\repo_m2\org\apiguardian\apiguardian-api\1.1.0\apiguardian-api-1.1.0.jar;C:\Users\JOY\Desktop\train-java\repo_m2\org\junit\platform\junit-platform-engine\1.6.2\junit-platform-engine-1.6.2.jar;C:\Users\JOY\Desktop\train-java\repo_m2\junit\junit\4.13\junit-4.13.jar;C:\Users\JOY\Desktop\train-java\repo_m2\org\mockito\mockito-core\3.3.3\mockito-core-3.3.3.jar;C:\Users\JOY\Desktop\train-java\repo_m2\net\bytebuddy\byte-buddy\1.10.14\byte-buddy-1.10.14.jar;C:\Users\JOY\Desktop\train-java\repo_m2\net\bytebuddy\byte-buddy-agent\1.10.14\byte-buddy-agent-1.10.14.jar;C:\Users\JOY\Desktop\train-java\repo_m2\org\objenesis\objenesis\2.6\objenesis-2.6.jar;C:\Users\JOY\Desktop\train-java\repo_m2\org\mockito\mockito-junit-jupiter\3.3.3\mockito-junit-jupiter-3.3.3.jar;C:\Users\JOY\Desktop\train-java\repo_m2\org\skyscreamer\jsonassert\1.5.0\jsonassert-1.5.0.jar;C:\Users\JOY\Desktop\train-java\repo_m2\com\vaadin\external\google\android-json\0.0.20131108.vaadin1\android-json-0.0.20131108.vaadin1.jar;C:\Users\JOY\Desktop\train-java\repo_m2\org\springframework\spring-core\5.2.8.RELEASE\spring-core-5.2.8.RELEASE.jar;C:\Users\JOY\Desktop\train-java\repo_m2\org\springframework\spring-jcl\5.2.8.RELEASE\spring-jcl-5.2.8.RELEASE.jar;C:\Users\JOY\Desktop\train-java\repo_m2\org\springframework\spring-test\5.2.8.RELEASE\spring-test-5.2.8.RELEASE.jar;C:\Users\JOY\Desktop\train-java\repo_m2\org\xmlunit\xmlunit-core\2.7.0\xmlunit-core-2.7.0.jar;C:\Users\JOY\Desktop\train-java\repo_m2\mysql\mysql-connector-java\8.0.16\mysql-connector-java-8.0.16.jar;C:\Users\JOY\Desktop\train-java\repo_m2\org\mybatis\spring\boot\mybatis-spring-boot-starter\2.0.1\mybatis-spring-boot-starter-2.0.1.jar;C:\Users\JOY\Desktop\train-java\repo_m2\org\springframework\boot\spring-boot-starter-jdbc\2.3.3.RELEASE\spring-boot-starter-jdbc-2.3.3.RELEASE.jar;C:\Users\JOY\Desktop\train-java\repo_m2\com\zaxxer\HikariCP\3.4.5\HikariCP-3.4.5.jar;C:\Users\JOY\Desktop\train-java\repo_m2\org\springframework\spring-jdbc\5.2.8.RELEASE\spring-jdbc-5.2.8.RELEASE.jar;C:\Users\JOY\Desktop\train-java\repo_m2\org\springframework\spring-tx\5.2.8.RELEASE\spring-tx-5.2.8.RELEASE.jar;C:\Users\JOY\Desktop\train-java\repo_m2\org\mybatis\spring\boot\mybatis-spring-boot-autoconfigure\2.0.1\mybatis-spring-boot-autoconfigure-2.0.1.jar;C:\Users\JOY\Desktop\train-java\repo_m2\org\mybatis\mybatis\3.5.1\mybatis-3.5.1.jar;C:\Users\JOY\Desktop\train-java\repo_m2\org\mybatis\mybatis-spring\2.0.1\mybatis-spring-2.0.1.jar;C:\Users\JOY\Desktop\train-java\repo_m2\org\springframework\boot\spring-boot-starter-mail\2.1.5.RELEASE\spring-boot-starter-mail-2.1.5.RELEASE.jar;C:\Users\JOY\Desktop\train-java\repo_m2\org\springframework\spring-context-support\5.2.8.RELEASE\spring-context-support-5.2.8.RELEASE.jar;C:\Users\JOY\Desktop\train-java\repo_m2\com\sun\mail\javax.mail\1.6.2\javax.mail-1.6.2.jar;C:\Users\JOY\Desktop\train-java\repo_m2\javax\activation\activation\1.1\activation-1.1.jar;C:\Users\JOY\Desktop\train-java\repo_m2\org\apache\commons\commons-lang3\3.9\commons-lang3-3.9.jar;"/>
    <property name="java.vm.vendor" value="Oracle Corporation"/>
    <property name="sun.arch.data.model" value="32"/>
    <property name="user.variant" value=""/>
    <property name="java.vendor.url" value="http://java.oracle.com/"/>
    <property name="user.timezone" value="Asia/Shanghai"/>
    <property name="java.vm.specification.version" value="1.8"/>
    <property name="os.name" value="Windows 10"/>
    <property name="user.country" value="CN"/>
    <property name="sun.java.launcher" value="SUN_STANDARD"/>
    <property name="sun.boot.library.path" value="C:\Users\JOY\Desktop\train-java\devops-tools\jdk1.8.0_221\jre\bin"/>
    <property name="sun.java.command" value="C:\Users\JOY\AppData\Local\Temp\surefire6626149765840824111\surefirebooter5372854873226365278.jar C:\Users\JOY\AppData\Local\Temp\surefire6626149765840824111 2020-08-25T12-39-17_827-jvmRun1 surefire7621755624415628697tmp surefire_06986781702569003147tmp"/>
    <property name="surefire.test.class.path" value="C:\Users\JOY\Desktop\group3\target\test-classes;C:\Users\JOY\Desktop\group3\target\classes;C:\Users\JOY\Desktop\train-java\repo_m2\org\springframework\boot\spring-boot-starter-aop\2.3.3.RELEASE\spring-boot-starter-aop-2.3.3.RELEASE.jar;C:\Users\JOY\Desktop\train-java\repo_m2\org\springframework\boot\spring-boot-starter\2.3.3.RELEASE\spring-boot-starter-2.3.3.RELEASE.jar;C:\Users\JOY\Desktop\train-java\repo_m2\org\springframework\boot\spring-boot-starter-logging\2.3.3.RELEASE\spring-boot-starter-logging-2.3.3.RELEASE.jar;C:\Users\JOY\Desktop\train-java\repo_m2\ch\qos\logback\logback-classic\1.2.3\logback-classic-1.2.3.jar;C:\Users\JOY\Desktop\train-java\repo_m2\ch\qos\logback\logback-core\1.2.3\logback-core-1.2.3.jar;C:\Users\JOY\Desktop\train-java\repo_m2\org\apache\logging\log4j\log4j-to-slf4j\2.13.3\log4j-to-slf4j-2.13.3.jar;C:\Users\JOY\Desktop\train-java\repo_m2\org\apache\logging\log4j\log4j-api\2.13.3\log4j-api-2.13.3.jar;C:\Users\JOY\Desktop\train-java\repo_m2\org\slf4j\jul-to-slf4j\1.7.30\jul-to-slf4j-1.7.30.jar;C:\Users\JOY\Desktop\train-java\repo_m2\jakarta\annotation\jakarta.annotation-api\1.3.5\jakarta.annotation-api-1.3.5.jar;C:\Users\JOY\Desktop\train-java\repo_m2\org\yaml\snakeyaml\1.26\snakeyaml-1.26.jar;C:\Users\JOY\Desktop\train-java\repo_m2\org\springframework\spring-aop\5.2.8.RELEASE\spring-aop-5.2.8.RELEASE.jar;C:\Users\JOY\Desktop\train-java\repo_m2\org\springframework\spring-beans\5.2.8.RELEASE\spring-beans-5.2.8.RELEASE.jar;C:\Users\JOY\Desktop\train-java\repo_m2\org\aspectj\aspectjweaver\1.9.6\aspectjweaver-1.9.6.jar;C:\Users\JOY\Desktop\train-java\repo_m2\org\springframework\boot\spring-boot-starter-thymeleaf\2.3.3.RELEASE\spring-boot-starter-thymeleaf-2.3.3.RELEASE.jar;C:\Users\JOY\Desktop\train-java\repo_m2\org\thymeleaf\thymeleaf-spring5\3.0.11.RELEASE\thymeleaf-spring5-3.0.11.RELEASE.jar;C:\Users\JOY\Desktop\train-java\repo_m2\org\thymeleaf\thymeleaf\3.0.11.RELEASE\thymeleaf-3.0.11.RELEASE.jar;C:\Users\JOY\Desktop\train-java\repo_m2\org\attoparser\attoparser\2.0.5.RELEASE\attoparser-2.0.5.RELEASE.jar;C:\Users\JOY\Desktop\train-java\repo_m2\org\unbescape\unbescape\1.1.6.RELEASE\unbescape-1.1.6.RELEASE.jar;C:\Users\JOY\Desktop\train-java\repo_m2\org\slf4j\slf4j-api\1.7.30\slf4j-api-1.7.30.jar;C:\Users\JOY\Desktop\train-java\repo_m2\org\thymeleaf\extras\thymeleaf-extras-java8time\3.0.4.RELEASE\thymeleaf-extras-java8time-3.0.4.RELEASE.jar;C:\Users\JOY\Desktop\train-java\repo_m2\org\springframework\boot\spring-boot-starter-web\2.3.3.RELEASE\spring-boot-starter-web-2.3.3.RELEASE.jar;C:\Users\JOY\Desktop\train-java\repo_m2\org\springframework\boot\spring-boot-starter-json\2.3.3.RELEASE\spring-boot-starter-json-2.3.3.RELEASE.jar;C:\Users\JOY\Desktop\train-java\repo_m2\com\fasterxml\jackson\core\jackson-databind\2.11.2\jackson-databind-2.11.2.jar;C:\Users\JOY\Desktop\train-java\repo_m2\com\fasterxml\jackson\core\jackson-annotations\2.11.2\jackson-annotations-2.11.2.jar;C:\Users\JOY\Desktop\train-java\repo_m2\com\fasterxml\jackson\core\jackson-core\2.11.2\jackson-core-2.11.2.jar;C:\Users\JOY\Desktop\train-java\repo_m2\com\fasterxml\jackson\datatype\jackson-datatype-jdk8\2.11.2\jackson-datatype-jdk8-2.11.2.jar;C:\Users\JOY\Desktop\train-java\repo_m2\com\fasterxml\jackson\datatype\jackson-datatype-jsr310\2.11.2\jackson-datatype-jsr310-2.11.2.jar;C:\Users\JOY\Desktop\train-java\repo_m2\com\fasterxml\jackson\module\jackson-module-parameter-names\2.11.2\jackson-module-parameter-names-2.11.2.jar;C:\Users\JOY\Desktop\train-java\repo_m2\org\springframework\boot\spring-boot-starter-tomcat\2.3.3.RELEASE\spring-boot-starter-tomcat-2.3.3.RELEASE.jar;C:\Users\JOY\Desktop\train-java\repo_m2\org\apache\tomcat\embed\tomcat-embed-core\9.0.37\tomcat-embed-core-9.0.37.jar;C:\Users\JOY\Desktop\train-java\repo_m2\org\glassfish\jakarta.el\3.0.3\jakarta.el-3.0.3.jar;C:\Users\JOY\Desktop\train-java\repo_m2\org\apache\tomcat\embed\tomcat-embed-websocket\9.0.37\tomcat-embed-websocket-9.0.37.jar;C:\Users\JOY\Desktop\train-java\repo_m2\org\springframework\spring-web\5.2.8.RELEASE\spring-web-5.2.8.RELEASE.jar;C:\Users\JOY\Desktop\train-java\repo_m2\org\springframework\spring-webmvc\5.2.8.RELEASE\spring-webmvc-5.2.8.RELEASE.jar;C:\Users\JOY\Desktop\train-java\repo_m2\org\springframework\spring-context\5.2.8.RELEASE\spring-context-5.2.8.RELEASE.jar;C:\Users\JOY\Desktop\train-java\repo_m2\org\springframework\spring-expression\5.2.8.RELEASE\spring-expression-5.2.8.RELEASE.jar;C:\Users\JOY\Desktop\train-java\repo_m2\org\springframework\boot\spring-boot-devtools\2.3.3.RELEASE\spring-boot-devtools-2.3.3.RELEASE.jar;C:\Users\JOY\Desktop\train-java\repo_m2\org\springframework\boot\spring-boot\2.3.3.RELEASE\spring-boot-2.3.3.RELEASE.jar;C:\Users\JOY\Desktop\train-java\repo_m2\org\springframework\boot\spring-boot-autoconfigure\2.3.3.RELEASE\spring-boot-autoconfigure-2.3.3.RELEASE.jar;C:\Users\JOY\Desktop\train-java\repo_m2\org\springframework\boot\spring-boot-starter-test\2.3.3.RELEASE\spring-boot-starter-test-2.3.3.RELEASE.jar;C:\Users\JOY\Desktop\train-java\repo_m2\org\springframework\boot\spring-boot-test\2.3.3.RELEASE\spring-boot-test-2.3.3.RELEASE.jar;C:\Users\JOY\Desktop\train-java\repo_m2\org\springframework\boot\spring-boot-test-autoconfigure\2.3.3.RELEASE\spring-boot-test-autoconfigure-2.3.3.RELEASE.jar;C:\Users\JOY\Desktop\train-java\repo_m2\com\jayway\jsonpath\json-path\2.4.0\json-path-2.4.0.jar;C:\Users\JOY\Desktop\train-java\repo_m2\net\minidev\json-smart\2.3\json-smart-2.3.jar;C:\Users\JOY\Desktop\train-java\repo_m2\net\minidev\accessors-smart\1.2\accessors-smart-1.2.jar;C:\Users\JOY\Desktop\train-java\repo_m2\org\ow2\asm\asm\5.0.4\asm-5.0.4.jar;C:\Users\JOY\Desktop\train-java\repo_m2\jakarta\xml\bind\jakarta.xml.bind-api\2.3.3\jakarta.xml.bind-api-2.3.3.jar;C:\Users\JOY\Desktop\train-java\repo_m2\jakarta\activation\jakarta.activation-api\1.2.2\jakarta.activation-api-1.2.2.jar;C:\Users\JOY\Desktop\train-java\repo_m2\org\assertj\assertj-core\3.16.1\assertj-core-3.16.1.jar;C:\Users\JOY\Desktop\train-java\repo_m2\org\hamcrest\hamcrest\2.2\hamcrest-2.2.jar;C:\Users\JOY\Desktop\train-java\repo_m2\org\junit\jupiter\junit-jupiter\5.6.2\junit-jupiter-5.6.2.jar;C:\Users\JOY\Desktop\train-java\repo_m2\org\junit\jupiter\junit-jupiter-api\5.6.2\junit-jupiter-api-5.6.2.jar;C:\Users\JOY\Desktop\train-java\repo_m2\org\opentest4j\opentest4j\1.2.0\opentest4j-1.2.0.jar;C:\Users\JOY\Desktop\train-java\repo_m2\org\junit\platform\junit-platform-commons\1.6.2\junit-platform-commons-1.6.2.jar;C:\Users\JOY\Desktop\train-java\repo_m2\org\junit\jupiter\junit-jupiter-params\5.6.2\junit-jupiter-params-5.6.2.jar;C:\Users\JOY\Desktop\train-java\repo_m2\org\junit\jupiter\junit-jupiter-engine\5.6.2\junit-jupiter-engine-5.6.2.jar;C:\Users\JOY\Desktop\train-java\repo_m2\org\junit\vintage\junit-vintage-engine\5.6.2\junit-vintage-engine-5.6.2.jar;C:\Users\JOY\Desktop\train-java\repo_m2\org\apiguardian\apiguardian-api\1.1.0\apiguardian-api-1.1.0.jar;C:\Users\JOY\Desktop\train-java\repo_m2\org\junit\platform\junit-platform-engine\1.6.2\junit-platform-engine-1.6.2.jar;C:\Users\JOY\Desktop\train-java\repo_m2\junit\junit\4.13\junit-4.13.jar;C:\Users\JOY\Desktop\train-java\repo_m2\org\mockito\mockito-core\3.3.3\mockito-core-3.3.3.jar;C:\Users\JOY\Desktop\train-java\repo_m2\net\bytebuddy\byte-buddy\1.10.14\byte-buddy-1.10.14.jar;C:\Users\JOY\Desktop\train-java\repo_m2\net\bytebuddy\byte-buddy-agent\1.10.14\byte-buddy-agent-1.10.14.jar;C:\Users\JOY\Desktop\train-java\repo_m2\org\objenesis\objenesis\2.6\objenesis-2.6.jar;C:\Users\JOY\Desktop\train-java\repo_m2\org\mockito\mockito-junit-jupiter\3.3.3\mockito-junit-jupiter-3.3.3.jar;C:\Users\JOY\Desktop\train-java\repo_m2\org\skyscreamer\jsonassert\1.5.0\jsonassert-1.5.0.jar;C:\Users\JOY\Desktop\train-java\repo_m2\com\vaadin\external\google\android-json\0.0.20131108.vaadin1\android-json-0.0.20131108.vaadin1.jar;C:\Users\JOY\Desktop\train-java\repo_m2\org\springframework\spring-core\5.2.8.RELEASE\spring-core-5.2.8.RELEASE.jar;C:\Users\JOY\Desktop\train-java\repo_m2\org\springframework\spring-jcl\5.2.8.RELEASE\spring-jcl-5.2.8.RELEASE.jar;C:\Users\JOY\Desktop\train-java\repo_m2\org\springframework\spring-test\5.2.8.RELEASE\spring-test-5.2.8.RELEASE.jar;C:\Users\JOY\Desktop\train-java\repo_m2\org\xmlunit\xmlunit-core\2.7.0\xmlunit-core-2.7.0.jar;C:\Users\JOY\Desktop\train-java\repo_m2\mysql\mysql-connector-java\8.0.16\mysql-connector-java-8.0.16.jar;C:\Users\JOY\Desktop\train-java\repo_m2\org\mybatis\spring\boot\mybatis-spring-boot-starter\2.0.1\mybatis-spring-boot-starter-2.0.1.jar;C:\Users\JOY\Desktop\train-java\repo_m2\org\springframework\boot\spring-boot-starter-jdbc\2.3.3.RELEASE\spring-boot-starter-jdbc-2.3.3.RELEASE.jar;C:\Users\JOY\Desktop\train-java\repo_m2\com\zaxxer\HikariCP\3.4.5\HikariCP-3.4.5.jar;C:\Users\JOY\Desktop\train-java\repo_m2\org\springframework\spring-jdbc\5.2.8.RELEASE\spring-jdbc-5.2.8.RELEASE.jar;C:\Users\JOY\Desktop\train-java\repo_m2\org\springframework\spring-tx\5.2.8.RELEASE\spring-tx-5.2.8.RELEASE.jar;C:\Users\JOY\Desktop\train-java\repo_m2\org\mybatis\spring\boot\mybatis-spring-boot-autoconfigure\2.0.1\mybatis-spring-boot-autoconfigure-2.0.1.jar;C:\Users\JOY\Desktop\train-java\repo_m2\org\mybatis\mybatis\3.5.1\mybatis-3.5.1.jar;C:\Users\JOY\Desktop\train-java\repo_m2\org\mybatis\mybatis-spring\2.0.1\mybatis-spring-2.0.1.jar;C:\Users\JOY\Desktop\train-java\repo_m2\org\springframework\boot\spring-boot-starter-mail\2.1.5.RELEASE\spring-boot-starter-mail-2.1.5.RELEASE.jar;C:\Users\JOY\Desktop\train-java\repo_m2\org\springframework\spring-context-support\5.2.8.RELEASE\spring-context-support-5.2.8.RELEASE.jar;C:\Users\JOY\Desktop\train-java\repo_m2\com\sun\mail\javax.mail\1.6.2\javax.mail-1.6.2.jar;C:\Users\JOY\Desktop\train-java\repo_m2\javax\activation\activation\1.1\activation-1.1.jar;C:\Users\JOY\Desktop\train-java\repo_m2\org\apache\commons\commons-lang3\3.9\commons-lang3-3.9.jar;"/>
    <property name="sun.cpu.endian" value="little"/>
    <property name="user.home" value="C:\Users\JOY"/>
    <property name="user.language" value="zh"/>
    <property name="java.specification.vendor" value="Oracle Corporation"/>
    <property name="java.home" value="C:\Users\JOY\Desktop\train-java\devops-tools\jdk1.8.0_221\jre"/>
    <property name="basedir" value="C:\Users\JOY\Desktop\group3"/>
    <property name="file.separator" value="\"/>
    <property name="line.separator" value="&#10;"/>
    <property name="java.vm.specification.vendor" value="Oracle Corporation"/>
    <property name="java.specification.name" value="Java Platform API Specification"/>
    <property name="java.awt.graphicsenv" value="sun.awt.Win32GraphicsEnvironment"/>
    <property name="surefire.real.class.path" value="C:\Users\JOY\AppData\Local\Temp\surefire6626149765840824111\surefirebooter5372854873226365278.jar"/>
    <property name="sun.boot.class.path" value="C:\Users\JOY\Desktop\train-java\devops-tools\jdk1.8.0_221\jre\lib\resources.jar;C:\Users\JOY\Desktop\train-java\devops-tools\jdk1.8.0_221\jre\lib\rt.jar;C:\Users\JOY\Desktop\train-java\devops-tools\jdk1.8.0_221\jre\lib\sunrsasign.jar;C:\Users\JOY\Desktop\train-java\devops-tools\jdk1.8.0_221\jre\lib\jsse.jar;C:\Users\JOY\Desktop\train-java\devops-tools\jdk1.8.0_221\jre\lib\jce.jar;C:\Users\JOY\Desktop\train-java\devops-tools\jdk1.8.0_221\jre\lib\charsets.jar;C:\Users\JOY\Desktop\train-java\devops-tools\jdk1.8.0_221\jre\lib\jfr.jar;C:\Users\JOY\Desktop\train-java\devops-tools\jdk1.8.0_221\jre\classes"/>
    <property name="user.script" value=""/>
    <property name="sun.management.compiler" value="HotSpot Client Compiler"/>
    <property name="java.runtime.version" value="1.8.0_221-b11"/>
    <property name="user.name" value="JOY"/>
    <property name="path.separator" value=";"/>
    <property name="os.version" value="10.0"/>
    <property name="java.endorsed.dirs" value="C:\Users\JOY\Desktop\train-java\devops-tools\jdk1.8.0_221\jre\lib\endorsed"/>
    <property name="java.runtime.name" value="Java(TM) SE Runtime Environment"/>
    <property name="file.encoding" value="GBK"/>
    <property name="java.vm.name" value="Java HotSpot(TM) Client VM"/>
    <property name="localRepository" value="C:\Users\JOY\Desktop\train-java\repo_m2"/>
    <property name="java.vendor.url.bug" value="http://bugreport.sun.com/bugreport/"/>
    <property name="java.io.tmpdir" value="C:\Users\JOY\AppData\Local\Temp\"/>
    <property name="java.version" value="1.8.0_221"/>
    <property name="user.dir" value="C:\Users\JOY\Desktop\group3"/>
    <property name="os.arch" value="x86"/>
    <property name="java.vm.specification.name" value="Java Virtual Machine Specification"/>
    <property name="java.awt.printerjob" value="sun.awt.windows.WPrinterJob"/>
    <property name="sun.os.patch.level" value=""/>
    <property name="java.library.path" value="C:\Users\JOY\Desktop\train-java\devops-tools\jdk1.8.0_221\jre\bin;C:\WINDOWS\Sun\Java\bin;C:\WINDOWS\system32;C:\WINDOWS;C:/Users/JOY/Desktop/train-java/devops-tools/jdk1.8.0_221/bin/../jre/bin/client;C:/Users/JOY/Desktop/train-java/devops-tools/jdk1.8.0_221/bin/../jre/bin;C:/Users/JOY/Desktop/train-java/devops-tools/jdk1.8.0_221/bin/../jre/lib/i386;C:\Users\JOY\Desktop\train-java\devops-tools\jdk1.8.0_221\jre\bin；;C:\Users\JOY\Desktop\train-java\devops-tools\jdk1.8.0_221\bin;C:\Python38\Scripts\;C:\Python38\;C:\ProgramData\DockerDesktop\version-bin;C:\Program Files\Docker\Docker\Resources\bin;C:\opencv341install\x64\vc15\bin;C:\opencv249\build\x86\vc11\bin;C:\opencv249\build\x64\vc11\bin;C:\WINDOWS\system32;C:\WINDOWS\System32\Wbem;C:\WINDOWS\System32\WindowsPowerShell\v1.0;C:\Program Files (x86)\EditPlus;C:\temp\bin\win32;C:\WINDOWS;C:\WINDOWS\System32\WindowsPowerShell\v1.0\;C:\WINDOWS\System32\OpenSSH\;C:\mysql-5.7.20-winx64\bin;C:\Program Files\Intel\WiFi\bin\;C:\Program Files\Common Files\Intel\WirelessCommon\;C:\Program Files\OpenSSH\bin;%TOMCAT_HOME%\bin;C:\Program Files\nodejs\;C:\ProgramData\chocolatey\bin;C:\node-v12.18.0-win-x64\node_global;C:\node-v12.18.0-win-x64\node_cache;C:\Program Files\NVIDIA Corporation\NVIDIA NvDLISR;C:\Users\JOY\Desktop\train-java\devops-tools\apache-maven-3.6.3\bin;C:\Users\JOY\Desktop\train-java\devops-tools\git\PortableGit\bin;C:\Users\JOY\Anaconda;C:\Users\JOY\Anaconda\Library\mingw-w64\bin;C:\Users\JOY\Anaconda\Library\usr\bin;C:\Users\JOY\Anaconda\Library\bin;C:\Users\JOY\Anaconda\Scripts;C:\ProgramData\Oracle\Java\Javapath;C:\WINDOWSsystem32;C:\Program Files (x86)\Java\jdk1.8.0_144\bin;C:\Users\JOY\AppData\Local\Microsoft\WindowsApps;C:\WINDOWS;C:\Program Files\MySQL\MySQL Server 5.6\bin;C:\Users\JOY\Desktop\neo4j-community-3.5.6-windows\bin;C:\Program Files\JetBrains\PyCharm 2018.3.5\bin;;C:\Program Files (x86)\Odoo 12.0\PostgreSQL\bin;C:\Program Files\JetBrains\PyCharm Community Edition 2019.1.3\bin;;C:\Users\JOY\AppData\Local\Microsoft\WindowsApps;&quot;C:\Users\JOY\Desktop\train-java-web\train-java-web\devops-tools\apache-maven-3.6.3\bin;&quot;;C:\Users\JOY\IntelliJ IDEA Community Edition 2020.1.1\bin;;C:\Users\JOY\AppData\Roaming\npm;C:\Users\JOY\Desktop\train-java-web\train-java-web\devops-tools\apache-maven-3.6.3\bin;C:\Users\JOY\Desktop\train-java;;."/>
    <property name="java.vm.info" value="mixed mode"/>
    <property name="java.vendor" value="Oracle Corporation"/>
    <property name="java.vm.version" value="25.221-b11"/>
    <property name="java.ext.dirs" value="C:\Users\JOY\Desktop\train-java\devops-tools\jdk1.8.0_221\jre\lib\ext;C:\WINDOWS\Sun\Java\lib\ext"/>
    <property name="sun.io.unicode.encoding" value="UnicodeLittle"/>
    <property name="java.class.version" value="52.0"/>
  </properties>
  <testcase name="getUser" classname="com.citi.controller.UserControllerTest" time="0.025"/>
</testsuite>